{"/Users/zengxiaobai/projects/nuonuo/study/testButton/src/button.js": {"path":"/Users/zengxiaobai/projects/nuonuo/study/testButton/src/button.js","statementMap":{"0":{"start":{"line":5,"column":21},"end":{"line":34,"column":1}},"1":{"start":{"line":6,"column":40},"end":{"line":6,"column":53}},"2":{"start":{"line":7,"column":42},"end":{"line":7,"column":55}},"3":{"start":{"line":9,"column":14},"end":{"line":16,"column":3}},"4":{"start":{"line":10,"column":4},"end":{"line":10,"column":29}},"5":{"start":{"line":11,"column":14},"end":{"line":11,"column":28}},"6":{"start":{"line":12,"column":14},"end":{"line":12,"column":29}},"7":{"start":{"line":13,"column":4},"end":{"line":13,"column":21}},"8":{"start":{"line":14,"column":4},"end":{"line":14,"column":22}},"9":{"start":{"line":15,"column":4},"end":{"line":15,"column":17}},"10":{"start":{"line":18,"column":22},"end":{"line":21,"column":3}},"11":{"start":{"line":23,"column":2},"end":{"line":33,"column":3}},"12":{"start":{"line":36,"column":0},"end":{"line":38,"column":1}},"13":{"start":{"line":40,"column":0},"end":{"line":43,"column":1}}},"fnMap":{"0":{"name":"(anonymous_0)","decl":{"start":{"line":5,"column":21},"end":{"line":5,"column":22}},"loc":{"start":{"line":5,"column":32},"end":{"line":34,"column":1}},"line":5},"1":{"name":"(anonymous_1)","decl":{"start":{"line":9,"column":14},"end":{"line":9,"column":15}},"loc":{"start":{"line":9,"column":20},"end":{"line":16,"column":3}},"line":9}},"branchMap":{},"s":{"0":1,"1":2,"2":2,"3":2,"4":1,"5":1,"6":1,"7":1,"8":1,"9":1,"10":2,"11":2,"12":1,"13":1},"f":{"0":2,"1":1},"b":{},"_coverageSchema":"1a1c01bbd47fc00a2c39e90264f33305004495a9","hash":"ffa232b03eb810b47b1ff16b7233a87a4003d8f5"}
,"/Users/zengxiaobai/projects/nuonuo/study/testButton/src/math.js": {"path":"/Users/zengxiaobai/projects/nuonuo/study/testButton/src/math.js","statementMap":{"0":{"start":{"line":2,"column":2},"end":{"line":2,"column":13}},"1":{"start":{"line":6,"column":2},"end":{"line":6,"column":13}},"2":{"start":{"line":9,"column":0},"end":{"line":12,"column":1}}},"fnMap":{"0":{"name":"add","decl":{"start":{"line":1,"column":9},"end":{"line":1,"column":12}},"loc":{"start":{"line":1,"column":19},"end":{"line":3,"column":1}},"line":1},"1":{"name":"minus","decl":{"start":{"line":5,"column":9},"end":{"line":5,"column":14}},"loc":{"start":{"line":5,"column":21},"end":{"line":7,"column":1}},"line":5}},"branchMap":{},"s":{"0":2,"1":2,"2":1},"f":{"0":2,"1":2},"b":{},"_coverageSchema":"1a1c01bbd47fc00a2c39e90264f33305004495a9","hash":"d267dd78597b9c183fa0abf44ac41598b45fbf65"}
}
